<?xml version="1.0" encoding="utf-8" standalone="no"?>
<!--This file represents the results of running a test suite-->
<test-results name="C:\Users\Ricardo\Desktop\Repos\STrackerServer\STrackerServer\BuildArtifacts\STrackerServer.Tests.dll" total="1" errors="0" failures="1" not-run="0" inconclusive="0" ignored="0" skipped="0" invalid="0" date="2013-03-12" time="15:58:43">
  <environment nunit-version="2.6.2.12296" clr-version="2.0.50727.6387" os-version="Microsoft Windows NT 6.2.9200.0" platform="Win32NT" cwd="C:\Users\Ricardo\Desktop\Repos\STrackerServer\STrackerServer" machine-name="RICARDO-WIN" user="Ricardo" user-domain="Ricardo-Win" />
  <culture-info current-culture="pt-PT" current-uiculture="en-GB" />
  <test-suite type="Assembly" name="C:\Users\Ricardo\Desktop\Repos\STrackerServer\STrackerServer\BuildArtifacts\STrackerServer.Tests.dll" executed="True" result="Failure" success="False" time="0.421" asserts="0">
    <results>
      <test-suite type="Namespace" name="STrackerServer" executed="True" result="Failure" success="False" time="0.358" asserts="0">
        <results>
          <test-suite type="Namespace" name="Tests" executed="True" result="Failure" success="False" time="0.358" asserts="0">
            <results>
              <test-suite type="Namespace" name="Tests" executed="True" result="Failure" success="False" time="0.358" asserts="0">
                <results>
                  <test-suite type="TestFixture" name="HomeControllerTest" executed="True" result="Failure" success="False" time="0.358" asserts="0">
                    <results>
                      <test-case name="STrackerServer.Tests.Tests.HomeControllerTest.TestIndex" executed="True" result="Failure" success="False" time="0.155" asserts="1">
                        <failure>
                          <message><![CDATA[  Expected string length 14 but was 13. Strings differ at index 13.
  Expected: "Hello World!!!"
  But was:  "Hello World!!"
  ------------------------^
]]></message>
                          <stack-trace><![CDATA[at STrackerServer.Tests.Tests.HomeControllerTest.TestIndex() in c:\Users\Ricardo\Desktop\Repos\STrackerServer\STrackerServer\STrackerServer.Tests\Tests\HomeController_Test.cs:line 14
]]></stack-trace>
                        </failure>
                      </test-case>
                    </results>
                  </test-suite>
                </results>
              </test-suite>
            </results>
          </test-suite>
        </results>
      </test-suite>
    </results>
  </test-suite>
</test-results>